{ message: 'Init for 173',
  level: 'info',
  timestamp: '2018-07-12T13:52:04.815Z' }
{ message: 'Printer status : idle\n',
  level: 'info',
  timestamp: '2018-07-12T13:52:05.216Z' }
{ message: 'Main event received : {"type":"ping","channelForResponse":"private-admin-3756"}',
  level: 'info',
  timestamp: '2018-07-12T13:52:07.172Z' }
{ message: 'Return pong to channel private-admin-3756',
  level: 'info',
  timestamp: '2018-07-12T13:52:07.175Z' }
{ message: 'Printer status : idle\n',
  level: 'info',
  timestamp: '2018-07-12T13:52:11.270Z' }
{ message: 'Main event received : {"type":"ping","channelForResponse":"private-admin-3756"}',
  level: 'info',
  timestamp: '2018-07-12T13:52:12.613Z' }
{ message: 'Return pong to channel private-admin-3756',
  level: 'info',
  timestamp: '2018-07-12T13:52:12.615Z' }
{ message: 'Printer status : idle\n',
  level: 'info',
  timestamp: '2018-07-12T13:52:17.281Z' }
{ message: 'Printer status : idle\n',
  level: 'info',
  timestamp: '2018-07-12T13:52:23.331Z' }
{ message: 'Printer status : idle\n',
  level: 'info',
  timestamp: '2018-07-12T13:52:29.327Z' }
{ message: 'Printer status : idle\n',
  level: 'info',
  timestamp: '2018-07-12T13:52:35.327Z' }
{ message: 'Printer status : idle\n',
  level: 'info',
  timestamp: '2018-07-12T13:52:41.335Z' }
{ message: 'Printer status : idle\n',
  level: 'info',
  timestamp: '2018-07-12T13:52:47.340Z' }
{ message: 'Printer status : idle\n',
  level: 'info',
  timestamp: '2018-07-12T13:52:53.426Z' }
{ message: 'Printer status : idle\n',
  level: 'info',
  timestamp: '2018-07-12T13:52:59.434Z' }
{ message: 'Printer status : idle\n',
  level: 'info',
  timestamp: '2018-07-12T13:53:05.476Z' }
{ message: 'Printer status : idle\n',
  level: 'info',
  timestamp: '2018-07-12T13:53:11.457Z' }
{ message: 'Printer status : idle\n',
  level: 'info',
  timestamp: '2018-07-12T13:53:17.450Z' }
{ message: 'Printer status : idle\n',
  level: 'info',
  timestamp: '2018-07-12T13:53:23.480Z' }
{ message: 'Printer status : idle\n',
  level: 'info',
  timestamp: '2018-07-12T13:53:29.467Z' }
{ message: 'Printer status : idle\n',
  level: 'info',
  timestamp: '2018-07-12T13:53:35.473Z' }
{ message: 'Printer status : idle\n',
  level: 'info',
  timestamp: '2018-07-12T13:53:41.526Z' }
{ message: 'Printer status : idle\n',
  level: 'info',
  timestamp: '2018-07-12T13:53:47.532Z' }
{ message: 'Printer status : idle\n',
  level: 'info',
  timestamp: '2018-07-12T13:53:53.573Z' }
{ message: 'Printer status : idle\n',
  level: 'info',
  timestamp: '2018-07-12T13:53:59.566Z' }
{ message: 'Printer status : idle\n',
  level: 'info',
  timestamp: '2018-07-12T13:54:05.577Z' }
{ message: 'Printer status : idle\n',
  level: 'info',
  timestamp: '2018-07-12T13:54:11.594Z' }
{ message: 'Main event received : {"type":"ping","channelForResponse":"private-admin-3756"}',
  level: 'info',
  timestamp: '2018-07-12T13:54:16.311Z' }
{ message: 'Return pong to channel private-admin-3756',
  level: 'info',
  timestamp: '2018-07-12T13:54:16.315Z' }
{ message: 'Printer status : idle\n',
  level: 'info',
  timestamp: '2018-07-12T13:54:17.648Z' }
{ message: 'Printer status : idle\n',
  level: 'info',
  timestamp: '2018-07-12T13:54:23.660Z' }
{ message: 'Printer status : idle\n',
  level: 'info',
  timestamp: '2018-07-12T13:54:29.671Z' }
{ message: 'Send status to   : {"code":"ENOTFOUND","errno":"ENOTFOUND","syscall":"getaddrinfo","hostname":"business.skip-q.com","host":"business.skip-q.com","port":443}',
  level: 'error',
  timestamp: '2018-07-12T13:54:29.687Z' }
{ message: 'Printer status : idle\n',
  level: 'info',
  timestamp: '2018-07-12T13:54:35.711Z' }
{ message: 'Send status to   : {"code":"ENOTFOUND","errno":"ENOTFOUND","syscall":"getaddrinfo","hostname":"business.skip-q.com","host":"business.skip-q.com","port":443}',
  level: 'error',
  timestamp: '2018-07-12T13:54:35.726Z' }
{ message: 'Printer status : idle\n',
  level: 'info',
  timestamp: '2018-07-12T13:54:41.746Z' }
{ message: 'Send status to   : {"code":"ENOTFOUND","errno":"ENOTFOUND","syscall":"getaddrinfo","hostname":"business.skip-q.com","host":"business.skip-q.com","port":443}',
  level: 'error',
  timestamp: '2018-07-12T13:54:41.754Z' }
{ message: 'Printer status : idle\n',
  level: 'info',
  timestamp: '2018-07-12T13:54:47.801Z' }
{ message: 'Send status to   : {"code":"ENOTFOUND","errno":"ENOTFOUND","syscall":"getaddrinfo","hostname":"business.skip-q.com","host":"business.skip-q.com","port":443}',
  level: 'error',
  timestamp: '2018-07-12T13:54:47.835Z' }
{ message: 'Printer status : idle\n',
  level: 'info',
  timestamp: '2018-07-12T13:54:53.779Z' }
{ message: 'Send status to   : {"code":"ENOTFOUND","errno":"ENOTFOUND","syscall":"getaddrinfo","hostname":"business.skip-q.com","host":"business.skip-q.com","port":443}',
  level: 'error',
  timestamp: '2018-07-12T13:54:53.789Z' }
{ message: 'Printer status : idle\n',
  level: 'info',
  timestamp: '2018-07-12T13:54:59.828Z' }
{ message: 'Send status to   : {"code":"EAI_AGAIN","errno":"EAI_AGAIN","syscall":"getaddrinfo","hostname":"business.skip-q.com","host":"business.skip-q.com","port":443}',
  level: 'error',
  timestamp: '2018-07-12T13:54:59.838Z' }
{ message: 'Printer status : idle\n',
  level: 'info',
  timestamp: '2018-07-12T13:55:05.840Z' }
{ message: 'Main event received : {"type":"ping","channelForResponse":"private-admin-3756"}',
  level: 'info',
  timestamp: '2018-07-12T13:55:06.288Z' }
{ message: 'Return pong to channel private-admin-3756',
  level: 'info',
  timestamp: '2018-07-12T13:55:06.289Z' }
{ message: 'Main event received : {"type":"ping","channelForResponse":"private-admin-3756"}',
  level: 'info',
  timestamp: '2018-07-12T13:55:06.335Z' }
{ message: 'Return pong to channel private-admin-3756',
  level: 'info',
  timestamp: '2018-07-12T13:55:06.337Z' }
{ message: 'Printer status : idle\n',
  level: 'info',
  timestamp: '2018-07-12T13:55:11.855Z' }
{ message: 'Main event received : {"type":"ping","channelForResponse":"private-admin-3756"}',
  level: 'info',
  timestamp: '2018-07-12T13:55:16.269Z' }
{ message: 'Return pong to channel private-admin-3756',
  level: 'info',
  timestamp: '2018-07-12T13:55:16.272Z' }
{ message: 'Printer status : idle\n',
  level: 'info',
  timestamp: '2018-07-12T13:55:17.871Z' }
{ message: 'Printer status : idle\n',
  level: 'info',
  timestamp: '2018-07-12T13:55:23.839Z' }
{ message: 'Send status to   : {"code":"ENOTFOUND","errno":"ENOTFOUND","syscall":"getaddrinfo","hostname":"business.skip-q.com","host":"business.skip-q.com","port":443}',
  level: 'error',
  timestamp: '2018-07-12T13:55:23.851Z' }
{ message: 'Printer status : idle\n',
  level: 'info',
  timestamp: '2018-07-12T13:55:29.929Z' }
{ message: 'Send status to   : {"code":"ENOTFOUND","errno":"ENOTFOUND","syscall":"getaddrinfo","hostname":"business.skip-q.com","host":"business.skip-q.com","port":443}',
  level: 'error',
  timestamp: '2018-07-12T13:55:29.942Z' }
{ message: 'Printer status : idle\n',
  level: 'info',
  timestamp: '2018-07-12T13:55:35.937Z' }
{ message: 'Send status to   : {"code":"ENOTFOUND","errno":"ENOTFOUND","syscall":"getaddrinfo","hostname":"business.skip-q.com","host":"business.skip-q.com","port":443}',
  level: 'error',
  timestamp: '2018-07-12T13:55:35.947Z' }
{ message: 'Printer status : idle\n',
  level: 'info',
  timestamp: '2018-07-12T13:55:41.949Z' }
{ message: 'Send status to   : {"code":"ENOTFOUND","errno":"ENOTFOUND","syscall":"getaddrinfo","hostname":"business.skip-q.com","host":"business.skip-q.com","port":443}',
  level: 'error',
  timestamp: '2018-07-12T13:55:41.967Z' }
{ message: 'Printer status : idle\n',
  level: 'info',
  timestamp: '2018-07-12T13:55:47.958Z' }
{ message: 'Send status to   : {"code":"ENOTFOUND","errno":"ENOTFOUND","syscall":"getaddrinfo","hostname":"business.skip-q.com","host":"business.skip-q.com","port":443}',
  level: 'error',
  timestamp: '2018-07-12T13:55:47.993Z' }
{ message: 'Printer status : idle\n',
  level: 'info',
  timestamp: '2018-07-12T13:55:54.021Z' }
{ message: 'Send status to   : {"code":"ENOTFOUND","errno":"ENOTFOUND","syscall":"getaddrinfo","hostname":"business.skip-q.com","host":"business.skip-q.com","port":443}',
  level: 'error',
  timestamp: '2018-07-12T13:55:54.037Z' }
{ message: 'Printer status : idle\n',
  level: 'info',
  timestamp: '2018-07-12T13:55:59.966Z' }
{ message: 'Send status to   : {"code":"ENOTFOUND","errno":"ENOTFOUND","syscall":"getaddrinfo","hostname":"business.skip-q.com","host":"business.skip-q.com","port":443}',
  level: 'error',
  timestamp: '2018-07-12T13:55:59.995Z' }
{ message: 'Printer status : idle\n',
  level: 'info',
  timestamp: '2018-07-12T13:56:06.043Z' }
{ message: 'Send status to   : {"code":"EAI_AGAIN","errno":"EAI_AGAIN","syscall":"getaddrinfo","hostname":"business.skip-q.com","host":"business.skip-q.com","port":443}',
  level: 'error',
  timestamp: '2018-07-12T13:56:06.063Z' }
{ message: 'Printer status : idle\n',
  level: 'info',
  timestamp: '2018-07-12T13:56:12.001Z' }
{ message: 'Send status to   : {"code":"ENOTFOUND","errno":"ENOTFOUND","syscall":"getaddrinfo","hostname":"business.skip-q.com","host":"business.skip-q.com","port":443}',
  level: 'error',
  timestamp: '2018-07-12T13:56:12.011Z' }
{ message: 'Printer status : idle\n',
  level: 'info',
  timestamp: '2018-07-12T13:56:18.058Z' }
{ message: 'Printer status : idle\n',
  level: 'info',
  timestamp: '2018-07-12T13:56:24.069Z' }
{ message: 'Printer status : idle\n',
  level: 'info',
  timestamp: '2018-07-12T13:56:30.121Z' }
{ message: 'Printer status : idle\n',
  level: 'info',
  timestamp: '2018-07-12T13:56:36.131Z' }
{ message: 'Printer status : idle\n',
  level: 'info',
  timestamp: '2018-07-12T13:56:42.141Z' }
{ message: 'Send status to   : {"code":"ENOTFOUND","errno":"ENOTFOUND","syscall":"getaddrinfo","hostname":"business.skip-q.com","host":"business.skip-q.com","port":443}',
  level: 'error',
  timestamp: '2018-07-12T13:56:47.156Z' }
{ message: 'Printer status : idle\n',
  level: 'info',
  timestamp: '2018-07-12T13:56:48.100Z' }
{ message: 'Send status to   : {"code":"EAI_AGAIN","errno":"EAI_AGAIN","syscall":"getaddrinfo","hostname":"business.skip-q.com","host":"business.skip-q.com","port":443}',
  level: 'error',
  timestamp: '2018-07-12T13:56:48.107Z' }
{ message: 'Printer status : idle\n',
  level: 'info',
  timestamp: '2018-07-12T13:56:54.117Z' }
{ message: 'Printer status : idle\n',
  level: 'info',
  timestamp: '2018-07-12T13:57:00.165Z' }
{ message: 'Printer status : idle\n',
  level: 'info',
  timestamp: '2018-07-12T13:57:06.177Z' }
{ message: 'Printer status : idle\n',
  level: 'info',
  timestamp: '2018-07-12T13:57:12.232Z' }
{ message: 'Printer status : idle\n',
  level: 'info',
  timestamp: '2018-07-12T13:57:18.243Z' }
{ message: 'Printer status : idle\n',
  level: 'info',
  timestamp: '2018-07-12T13:57:24.250Z' }
{ message: 'Printer status : idle\n',
  level: 'info',
  timestamp: '2018-07-12T13:57:30.258Z' }
{ message: 'Printer status : idle\n',
  level: 'info',
  timestamp: '2018-07-12T13:57:36.271Z' }
{ message: 'Printer status : idle\n',
  level: 'info',
  timestamp: '2018-07-12T13:57:42.305Z' }
{ message: 'Printer status : idle\n',
  level: 'info',
  timestamp: '2018-07-12T13:57:48.342Z' }
{ message: 'Printer status : idle\n',
  level: 'info',
  timestamp: '2018-07-12T13:57:54.338Z' }
{ message: 'Printer status : idle\n',
  level: 'info',
  timestamp: '2018-07-12T13:58:00.375Z' }
{ message: 'Printer status : idle\n',
  level: 'info',
  timestamp: '2018-07-12T13:58:06.388Z' }
{ message: 'Printer status : idle\n',
  level: 'info',
  timestamp: '2018-07-12T13:58:12.413Z' }
{ message: 'Printer status : idle\n',
  level: 'info',
  timestamp: '2018-07-12T13:58:18.425Z' }
{ message: 'Printer status : idle\n',
  level: 'info',
  timestamp: '2018-07-12T13:58:24.425Z' }
{ message: 'Printer status : idle\n',
  level: 'info',
  timestamp: '2018-07-12T13:58:30.434Z' }
{ message: 'Printer status : idle\n',
  level: 'info',
  timestamp: '2018-07-12T13:58:36.460Z' }
{ message: 'Printer status : idle\n',
  level: 'info',
  timestamp: '2018-07-12T13:58:42.462Z' }
{ message: 'Printer status : idle\n',
  level: 'info',
  timestamp: '2018-07-12T13:58:48.476Z' }
{ message: 'Printer status : idle\n',
  level: 'info',
  timestamp: '2018-07-12T13:58:54.524Z' }
{ message: 'Printer status : idle\n',
  level: 'info',
  timestamp: '2018-07-12T13:59:00.500Z' }
{ message: 'Printer status : idle\n',
  level: 'info',
  timestamp: '2018-07-12T13:59:06.541Z' }
{ message: 'Printer status : idle\n',
  level: 'info',
  timestamp: '2018-07-12T13:59:12.551Z' }
{ message: 'Printer status : idle\n',
  level: 'info',
  timestamp: '2018-07-12T13:59:18.558Z' }
{ message: 'Printer status : idle\n',
  level: 'info',
  timestamp: '2018-07-12T13:59:24.568Z' }
{ message: 'Printer status : idle\n',
  level: 'info',
  timestamp: '2018-07-12T13:59:30.580Z' }
{ message: 'Send status to   : {"code":"ENOTFOUND","errno":"ENOTFOUND","syscall":"getaddrinfo","hostname":"business.skip-q.com","host":"business.skip-q.com","port":443}',
  level: 'error',
  timestamp: '2018-07-12T13:59:35.592Z' }
{ message: 'Printer status : idle\n',
  level: 'info',
  timestamp: '2018-07-12T13:59:36.567Z' }
{ message: 'Send status to   : {"code":"ENOTFOUND","errno":"ENOTFOUND","syscall":"getaddrinfo","hostname":"business.skip-q.com","host":"business.skip-q.com","port":443}',
  level: 'error',
  timestamp: '2018-07-12T13:59:36.574Z' }
{ message: 'Printer status : idle\n',
  level: 'info',
  timestamp: '2018-07-12T13:59:42.640Z' }
{ message: 'Send status to   : {"code":"EAI_AGAIN","errno":"EAI_AGAIN","syscall":"getaddrinfo","hostname":"business.skip-q.com","host":"business.skip-q.com","port":443}',
  level: 'error',
  timestamp: '2018-07-12T13:59:42.647Z' }
{ message: 'Printer status : idle\n',
  level: 'info',
  timestamp: '2018-07-12T13:59:48.654Z' }
{ message: 'Send status to   : {"code":"ENOTFOUND","errno":"ENOTFOUND","syscall":"getaddrinfo","hostname":"business.skip-q.com","host":"business.skip-q.com","port":443}',
  level: 'error',
  timestamp: '2018-07-12T13:59:53.671Z' }
{ message: 'Printer status : idle\n',
  level: 'info',
  timestamp: '2018-07-12T13:59:54.628Z' }
{ message: 'Send status to   : {"code":"ENOTFOUND","errno":"ENOTFOUND","syscall":"getaddrinfo","hostname":"business.skip-q.com","host":"business.skip-q.com","port":443}',
  level: 'error',
  timestamp: '2018-07-12T13:59:54.636Z' }
{ message: 'Printer status : idle\n',
  level: 'info',
  timestamp: '2018-07-12T14:00:00.646Z' }
{ message: 'Send status to   : {"code":"ENOTFOUND","errno":"ENOTFOUND","syscall":"getaddrinfo","hostname":"business.skip-q.com","host":"business.skip-q.com","port":443}',
  level: 'error',
  timestamp: '2018-07-12T14:00:00.654Z' }
{ message: 'Printer status : idle\n',
  level: 'info',
  timestamp: '2018-07-12T14:00:06.653Z' }
{ message: 'Send status to   : {"code":"ENOTFOUND","errno":"ENOTFOUND","syscall":"getaddrinfo","hostname":"business.skip-q.com","host":"business.skip-q.com","port":443}',
  level: 'error',
  timestamp: '2018-07-12T14:00:06.660Z' }
{ message: 'Printer status : idle\n',
  level: 'info',
  timestamp: '2018-07-12T14:00:12.732Z' }
{ message: 'Send status to   : {"code":"ENOTFOUND","errno":"ENOTFOUND","syscall":"getaddrinfo","hostname":"business.skip-q.com","host":"business.skip-q.com","port":443}',
  level: 'error',
  timestamp: '2018-07-12T14:00:12.739Z' }
{ message: 'Printer status : idle\n',
  level: 'info',
  timestamp: '2018-07-12T14:00:18.740Z' }
{ message: 'Send status to   : {"code":"ENOTFOUND","errno":"ENOTFOUND","syscall":"getaddrinfo","hostname":"business.skip-q.com","host":"business.skip-q.com","port":443}',
  level: 'error',
  timestamp: '2018-07-12T14:00:18.752Z' }
{ message: 'Printer status : idle\n',
  level: 'info',
  timestamp: '2018-07-12T14:00:24.755Z' }
{ message: 'Send status to   : {"code":"ENOTFOUND","errno":"ENOTFOUND","syscall":"getaddrinfo","hostname":"business.skip-q.com","host":"business.skip-q.com","port":443}',
  level: 'error',
  timestamp: '2018-07-12T14:00:24.768Z' }
{ message: 'Printer status : idle\n',
  level: 'info',
  timestamp: '2018-07-12T14:00:30.765Z' }
{ message: 'Send status to   : {"code":"ENOTFOUND","errno":"ENOTFOUND","syscall":"getaddrinfo","hostname":"business.skip-q.com","host":"business.skip-q.com","port":443}',
  level: 'error',
  timestamp: '2018-07-12T14:00:30.772Z' }
{ message: 'Printer status : idle\n',
  level: 'info',
  timestamp: '2018-07-12T14:00:36.746Z' }
{ message: 'Send status to   : {"code":"ENOTFOUND","errno":"ENOTFOUND","syscall":"getaddrinfo","hostname":"business.skip-q.com","host":"business.skip-q.com","port":443}',
  level: 'error',
  timestamp: '2018-07-12T14:00:36.762Z' }
{ message: 'Printer status : idle\n',
  level: 'info',
  timestamp: '2018-07-12T14:00:42.830Z' }
{ message: 'Send status to   : {"code":"ENOTFOUND","errno":"ENOTFOUND","syscall":"getaddrinfo","hostname":"business.skip-q.com","host":"business.skip-q.com","port":443}',
  level: 'error',
  timestamp: '2018-07-12T14:00:42.836Z' }
{ message: 'Printer status : idle\n',
  level: 'info',
  timestamp: '2018-07-12T14:00:48.844Z' }
{ message: 'Send status to   : {"code":"ENOTFOUND","errno":"ENOTFOUND","syscall":"getaddrinfo","hostname":"business.skip-q.com","host":"business.skip-q.com","port":443}',
  level: 'error',
  timestamp: '2018-07-12T14:00:48.855Z' }
{ message: 'Printer status : idle\n',
  level: 'info',
  timestamp: '2018-07-12T14:00:54.888Z' }
{ message: 'Send status to   : {"code":"EAI_AGAIN","errno":"EAI_AGAIN","syscall":"getaddrinfo","hostname":"business.skip-q.com","host":"business.skip-q.com","port":443}',
  level: 'error',
  timestamp: '2018-07-12T14:00:54.911Z' }
{ message: 'Printer status : idle\n',
  level: 'info',
  timestamp: '2018-07-12T14:01:00.882Z' }
{ message: 'Printer status : idle\n',
  level: 'info',
  timestamp: '2018-07-12T14:01:06.870Z' }
{ message: 'Printer status : idle\n',
  level: 'info',
  timestamp: '2018-07-12T14:01:12.929Z' }
{ message: 'Printer status : idle\n',
  level: 'info',
  timestamp: '2018-07-12T14:01:18.946Z' }
{ message: 'Printer status : idle\n',
  level: 'info',
  timestamp: '2018-07-12T14:01:24.957Z' }
{ message: 'Printer status : idle\n',
  level: 'info',
  timestamp: '2018-07-12T14:01:30.983Z' }
{ message: 'Printer status : idle\n',
  level: 'info',
  timestamp: '2018-07-12T14:01:37.042Z' }
{ message: 'Printer status : idle\n',
  level: 'info',
  timestamp: '2018-07-12T14:01:43.015Z' }
{ message: 'Printer status : idle\n',
  level: 'info',
  timestamp: '2018-07-12T14:01:49.061Z' }
{ message: 'Printer status : idle\n',
  level: 'info',
  timestamp: '2018-07-12T14:01:55.071Z' }
{ message: 'Printer status : idle\n',
  level: 'info',
  timestamp: '2018-07-12T14:02:01.083Z' }
{ message: 'Printer status : idle\n',
  level: 'info',
  timestamp: '2018-07-12T14:02:07.082Z' }
{ message: 'Printer status : idle\n',
  level: 'info',
  timestamp: '2018-07-12T14:02:13.146Z' }
{ message: 'Printer status : idle\n',
  level: 'info',
  timestamp: '2018-07-12T14:02:19.156Z' }
{ message: 'Printer status : idle\n',
  level: 'info',
  timestamp: '2018-07-12T14:02:25.148Z' }
{ message: 'Printer status : idle\n',
  level: 'info',
  timestamp: '2018-07-12T14:02:31.179Z' }
{ message: 'Printer status : idle\n',
  level: 'info',
  timestamp: '2018-07-12T14:02:37.168Z' }
{ message: 'Printer status : idle\n',
  level: 'info',
  timestamp: '2018-07-12T14:02:43.176Z' }
{ message: 'Printer status : idle\n',
  level: 'info',
  timestamp: '2018-07-12T14:02:49.194Z' }
{ message: 'Printer status : idle\n',
  level: 'info',
  timestamp: '2018-07-12T14:02:55.201Z' }
{ message: 'Printer status : idle\n',
  level: 'info',
  timestamp: '2018-07-12T14:03:01.237Z' }
{ message: 'Printer status : idle\n',
  level: 'info',
  timestamp: '2018-07-12T14:03:07.234Z' }
{ message: 'Printer status : idle\n',
  level: 'info',
  timestamp: '2018-07-12T14:03:13.291Z' }
{ message: 'Printer status : idle\n',
  level: 'info',
  timestamp: '2018-07-12T14:03:19.264Z' }
{ message: 'Printer status : idle\n',
  level: 'info',
  timestamp: '2018-07-12T14:03:25.312Z' }
{ message: 'Printer status : idle\n',
  level: 'info',
  timestamp: '2018-07-12T14:03:31.312Z' }
{ message: 'Printer status : idle\n',
  level: 'info',
  timestamp: '2018-07-12T14:03:37.305Z' }
{ message: 'Printer status : idle\n',
  level: 'info',
  timestamp: '2018-07-12T14:03:43.397Z' }
{ message: 'Printer status : idle\n',
  level: 'info',
  timestamp: '2018-07-12T14:03:49.367Z' }
{ message: 'Printer status : idle\n',
  level: 'info',
  timestamp: '2018-07-12T14:03:55.429Z' }
{ message: 'Printer status : idle\n',
  level: 'info',
  timestamp: '2018-07-12T14:04:01.436Z' }
{ message: 'Printer status : idle\n',
  level: 'info',
  timestamp: '2018-07-12T14:04:07.447Z' }
{ message: 'Printer status : idle\n',
  level: 'info',
  timestamp: '2018-07-12T14:04:13.459Z' }
{ message: 'Printer status : idle\n',
  level: 'info',
  timestamp: '2018-07-12T14:04:19.468Z' }
{ message: 'Printer status : idle\n',
  level: 'info',
  timestamp: '2018-07-12T14:04:25.527Z' }
{ message: 'Printer status : idle\n',
  level: 'info',
  timestamp: '2018-07-12T14:04:31.575Z' }
{ message: 'Printer status : idle\n',
  level: 'info',
  timestamp: '2018-07-12T14:04:37.495Z' }
{ message: 'Printer status : idle\n',
  level: 'info',
  timestamp: '2018-07-12T14:04:43.601Z' }
{ message: 'Printer status : idle\n',
  level: 'info',
  timestamp: '2018-07-12T14:04:49.564Z' }
{ message: 'Printer status : idle\n',
  level: 'info',
  timestamp: '2018-07-12T14:04:55.542Z' }
