{ message: 'Init for 173',
  level: 'info',
  timestamp: '2018-07-12T13:48:36.694Z' }
{ message: 'Printer status : idle\n',
  level: 'info',
  timestamp: '2018-07-12T13:48:37.100Z' }
{ message: 'Printer status : idle\n',
  level: 'info',
  timestamp: '2018-07-12T13:48:43.159Z' }
{ message: 'Send status to   : {"code":"ENOTFOUND","errno":"ENOTFOUND","syscall":"getaddrinfo","hostname":"business.skip-q.com","host":"business.skip-q.com","port":443}',
  level: 'error',
  timestamp: '2018-07-12T13:48:43.181Z' }
{ message: 'Printer status : idle\n',
  level: 'info',
  timestamp: '2018-07-12T13:48:49.237Z' }
{ message: 'Send status to   : {"code":"ENOTFOUND","errno":"ENOTFOUND","syscall":"getaddrinfo","hostname":"business.skip-q.com","host":"business.skip-q.com","port":443}',
  level: 'error',
  timestamp: '2018-07-12T13:48:49.246Z' }
{ message: 'Printer status : idle\n',
  level: 'info',
  timestamp: '2018-07-12T13:48:55.249Z' }
{ message: 'Send status to   : {"code":"ENOTFOUND","errno":"ENOTFOUND","syscall":"getaddrinfo","hostname":"business.skip-q.com","host":"business.skip-q.com","port":443}',
  level: 'error',
  timestamp: '2018-07-12T13:48:55.262Z' }
{ message: 'Printer status : idle\n',
  level: 'info',
  timestamp: '2018-07-12T13:49:01.261Z' }
{ message: 'Send status to   : {"code":"ENOTFOUND","errno":"ENOTFOUND","syscall":"getaddrinfo","hostname":"business.skip-q.com","host":"business.skip-q.com","port":443}',
  level: 'error',
  timestamp: '2018-07-12T13:49:01.271Z' }
{ message: 'Printer status : idle\n',
  level: 'info',
  timestamp: '2018-07-12T13:49:07.236Z' }
{ message: 'Send status to   : {"code":"ENOTFOUND","errno":"ENOTFOUND","syscall":"getaddrinfo","hostname":"business.skip-q.com","host":"business.skip-q.com","port":443}',
  level: 'error',
  timestamp: '2018-07-12T13:49:07.253Z' }
{ message: 'Printer status : idle\n',
  level: 'info',
  timestamp: '2018-07-12T13:49:13.280Z' }
{ message: 'Send status to   : {"code":"ENOTFOUND","errno":"ENOTFOUND","syscall":"getaddrinfo","hostname":"business.skip-q.com","host":"business.skip-q.com","port":443}',
  level: 'error',
  timestamp: '2018-07-12T13:49:13.287Z' }
{ message: 'Printer status : idle\n',
  level: 'info',
  timestamp: '2018-07-12T13:49:19.339Z' }
{ message: 'Send status to   : {"code":"ENOTFOUND","errno":"ENOTFOUND","syscall":"getaddrinfo","hostname":"business.skip-q.com","host":"business.skip-q.com","port":443}',
  level: 'error',
  timestamp: '2018-07-12T13:49:19.347Z' }
{ message: 'Printer status : idle\n',
  level: 'info',
  timestamp: '2018-07-12T13:49:25.350Z' }
{ message: 'Send status to   : {"code":"ENOTFOUND","errno":"ENOTFOUND","syscall":"getaddrinfo","hostname":"business.skip-q.com","host":"business.skip-q.com","port":443}',
  level: 'error',
  timestamp: '2018-07-12T13:49:25.370Z' }
{ message: 'Printer status : idle\n',
  level: 'info',
  timestamp: '2018-07-12T13:49:31.366Z' }
{ message: 'Send status to   : {"code":"ENOTFOUND","errno":"ENOTFOUND","syscall":"getaddrinfo","hostname":"business.skip-q.com","host":"business.skip-q.com","port":443}',
  level: 'error',
  timestamp: '2018-07-12T13:49:31.376Z' }
{ message: 'Printer status : idle\n',
  level: 'info',
  timestamp: '2018-07-12T13:49:37.364Z' }
{ message: 'Send status to   : {"code":"ENOTFOUND","errno":"ENOTFOUND","syscall":"getaddrinfo","hostname":"business.skip-q.com","host":"business.skip-q.com","port":443}',
  level: 'error',
  timestamp: '2018-07-12T13:49:37.375Z' }
{ message: 'Printer status : idle\n',
  level: 'info',
  timestamp: '2018-07-12T13:49:43.421Z' }
{ message: 'Send status to   : {"code":"EAI_AGAIN","errno":"EAI_AGAIN","syscall":"getaddrinfo","hostname":"business.skip-q.com","host":"business.skip-q.com","port":443}',
  level: 'error',
  timestamp: '2018-07-12T13:49:43.432Z' }
{ message: 'Printer status : idle\n',
  level: 'info',
  timestamp: '2018-07-12T13:49:49.433Z' }
{ message: 'Printer status : idle\n',
  level: 'info',
  timestamp: '2018-07-12T13:49:55.402Z' }
{ message: 'Printer status : idle\n',
  level: 'info',
  timestamp: '2018-07-12T13:50:01.415Z' }
{ message: 'Printer status : idle\n',
  level: 'info',
  timestamp: '2018-07-12T13:50:07.432Z' }
{ message: 'Printer status : idle\n',
  level: 'info',
  timestamp: '2018-07-12T13:50:13.442Z' }
{ message: 'Printer status : idle\n',
  level: 'info',
  timestamp: '2018-07-12T13:50:19.483Z' }
{ message: 'Printer status : idle\n',
  level: 'info',
  timestamp: '2018-07-12T13:50:25.483Z' }
{ message: 'Printer status : idle\n',
  level: 'info',
  timestamp: '2018-07-12T13:50:31.495Z' }
{ message: 'Printer status : idle\n',
  level: 'info',
  timestamp: '2018-07-12T13:50:37.561Z' }
{ message: 'Printer status : idle\n',
  level: 'info',
  timestamp: '2018-07-12T13:50:43.576Z' }
{ message: 'Printer status : idle\n',
  level: 'info',
  timestamp: '2018-07-12T13:50:49.579Z' }
{ message: 'Printer status : idle\n',
  level: 'info',
  timestamp: '2018-07-12T13:50:55.639Z' }
{ message: 'Printer status : idle\n',
  level: 'info',
  timestamp: '2018-07-12T13:51:01.649Z' }
{ message: 'Printer status : idle\n',
  level: 'info',
  timestamp: '2018-07-12T13:51:07.659Z' }
{ message: 'Printer status : idle\n',
  level: 'info',
  timestamp: '2018-07-12T13:51:13.670Z' }
{ message: 'Printer status : idle\n',
  level: 'info',
  timestamp: '2018-07-12T13:51:19.733Z' }
{ message: 'Printer status : idle\n',
  level: 'info',
  timestamp: '2018-07-12T13:51:25.746Z' }
{ message: 'Main event received : {"type":"ping","channelForResponse":"private-admin-3756"}',
  level: 'info',
  timestamp: '2018-07-12T13:51:26.476Z' }
